<?xml version="1.0" encoding="UTF-8"?>
<robot generator="Robot 6.1.1 (Python 3.12.7 on win32)" generated="20241118 20:53:37.198" rpa="false" schemaversion="4">
<suite id="s1" name="Tests" source="C:\Users\jonik\Documents\OHTU\palautusrepositorio\viikko3\web-login\src\tests">
<suite id="s1-s1" name="Home" source="C:\Users\jonik\Documents\OHTU\palautusrepositorio\viikko3\web-login\src\tests\home.robot">
<kw name="Open And Configure Browser" library="resource" type="SETUP">
<if>
<branch type="IF" condition="$BROWSER == 'chrome'">
<kw name="Evaluate" library="BuiltIn">
<var>${options}</var>
<arg>sys.modules['selenium.webdriver'].ChromeOptions()</arg>
<arg>sys</arg>
<doc>Evaluates the given expression in Python and returns the result.</doc>
<msg timestamp="20241118 20:53:37.594" level="INFO">${options} = &lt;selenium.webdriver.chrome.options.Options object at 0x000001D1F6E8DBE0&gt;</msg>
<status status="PASS" starttime="20241118 20:53:37.594" endtime="20241118 20:53:37.594"/>
</kw>
<status status="PASS" starttime="20241118 20:53:37.594" endtime="20241118 20:53:37.594"/>
</branch>
<branch type="ELSE IF" condition="$BROWSER == 'firefox'">
<kw name="Evaluate" library="BuiltIn">
<var>${options}</var>
<arg>sys.modules['selenium.webdriver'].FirefoxOptions()</arg>
<arg>sys</arg>
<doc>Evaluates the given expression in Python and returns the result.</doc>
<status status="NOT RUN" starttime="20241118 20:53:37.594" endtime="20241118 20:53:37.594"/>
</kw>
<status status="NOT RUN" starttime="20241118 20:53:37.594" endtime="20241118 20:53:37.594"/>
</branch>
<status status="PASS" starttime="20241118 20:53:37.594" endtime="20241118 20:53:37.594"/>
</if>
<if>
<branch type="IF" condition="$HEADLESS == 'true'">
<kw name="Set Selenium Speed" library="SeleniumLibrary">
<arg>0</arg>
<doc>Sets the delay that is waited after each Selenium command.</doc>
<status status="NOT RUN" starttime="20241118 20:53:37.594" endtime="20241118 20:53:37.594"/>
</kw>
<kw name="Call Method" library="BuiltIn">
<arg>${options}</arg>
<arg>add_argument</arg>
<arg>--headless</arg>
<doc>Calls the named method of the given object with the provided arguments.</doc>
<status status="NOT RUN" starttime="20241118 20:53:37.594" endtime="20241118 20:53:37.594"/>
</kw>
<status status="NOT RUN" starttime="20241118 20:53:37.594" endtime="20241118 20:53:37.594"/>
</branch>
<branch type="ELSE">
<kw name="Set Selenium Speed" library="SeleniumLibrary">
<arg>${DELAY}</arg>
<doc>Sets the delay that is waited after each Selenium command.</doc>
<status status="PASS" starttime="20241118 20:53:37.594" endtime="20241118 20:53:37.595"/>
</kw>
<status status="PASS" starttime="20241118 20:53:37.594" endtime="20241118 20:53:37.595"/>
</branch>
<status status="PASS" starttime="20241118 20:53:37.594" endtime="20241118 20:53:37.595"/>
</if>
<kw name="Open Browser" library="SeleniumLibrary">
<arg>browser=${BROWSER}</arg>
<arg>options=${options}</arg>
<doc>Opens a new browser instance to the optional ``url``.</doc>
<msg timestamp="20241118 20:53:37.595" level="INFO">Opening browser 'chrome' to base url 'None'.</msg>
<status status="PASS" starttime="20241118 20:53:37.595" endtime="20241118 20:53:38.906"/>
</kw>
<status status="PASS" starttime="20241118 20:53:37.594" endtime="20241118 20:53:38.906"/>
</kw>
<test id="s1-s1-t1" name="Click Login Link" line="8">
<kw name="Reset Application And Go To Starting Page" type="SETUP">
<kw name="Reset Application" library="AppLibrary">
<status status="PASS" starttime="20241118 20:53:38.907" endtime="20241118 20:53:40.954"/>
</kw>
<kw name="Go To Starting Page" library="resource">
<kw name="Go To" library="SeleniumLibrary">
<arg>${HOME_URL}</arg>
<doc>Navigates the current browser window to the provided ``url``.</doc>
<msg timestamp="20241118 20:53:40.954" level="INFO">Opening url 'http://localhost:5001'</msg>
<status status="PASS" starttime="20241118 20:53:40.954" endtime="20241118 20:53:41.782"/>
</kw>
<status status="PASS" starttime="20241118 20:53:40.954" endtime="20241118 20:53:41.782"/>
</kw>
<status status="PASS" starttime="20241118 20:53:38.907" endtime="20241118 20:53:41.782"/>
</kw>
<kw name="Click Link" library="SeleniumLibrary">
<arg>Login</arg>
<doc>Clicks a link identified by ``locator``.</doc>
<msg timestamp="20241118 20:53:41.782" level="INFO">Clicking link 'Login'.</msg>
<status status="PASS" starttime="20241118 20:53:41.782" endtime="20241118 20:53:43.460"/>
</kw>
<kw name="Login Page Should Be Open" library="resource">
<kw name="Title Should Be" library="SeleniumLibrary">
<arg>Login</arg>
<doc>Verifies that the current page title equals ``title``.</doc>
<msg timestamp="20241118 20:53:43.964" level="INFO">Page title is 'Login'.</msg>
<status status="PASS" starttime="20241118 20:53:43.460" endtime="20241118 20:53:43.964"/>
</kw>
<status status="PASS" starttime="20241118 20:53:43.460" endtime="20241118 20:53:43.964"/>
</kw>
<status status="PASS" starttime="20241118 20:53:38.907" endtime="20241118 20:53:43.964"/>
</test>
<test id="s1-s1-t2" name="Click Register Link" line="12">
<kw name="Reset Application And Go To Starting Page" type="SETUP">
<kw name="Reset Application" library="AppLibrary">
<status status="PASS" starttime="20241118 20:53:43.964" endtime="20241118 20:53:45.991"/>
</kw>
<kw name="Go To Starting Page" library="resource">
<kw name="Go To" library="SeleniumLibrary">
<arg>${HOME_URL}</arg>
<doc>Navigates the current browser window to the provided ``url``.</doc>
<msg timestamp="20241118 20:53:45.991" level="INFO">Opening url 'http://localhost:5001'</msg>
<status status="PASS" starttime="20241118 20:53:45.991" endtime="20241118 20:53:46.509"/>
</kw>
<status status="PASS" starttime="20241118 20:53:45.991" endtime="20241118 20:53:46.509"/>
</kw>
<status status="PASS" starttime="20241118 20:53:43.964" endtime="20241118 20:53:46.509"/>
</kw>
<kw name="Click Link" library="SeleniumLibrary">
<arg>Register new user</arg>
<doc>Clicks a link identified by ``locator``.</doc>
<msg timestamp="20241118 20:53:46.509" level="INFO">Clicking link 'Register new user'.</msg>
<status status="PASS" starttime="20241118 20:53:46.509" endtime="20241118 20:53:48.065"/>
</kw>
<kw name="Register Page Should Be Open" library="resource">
<kw name="Title Should Be" library="SeleniumLibrary">
<arg>Register</arg>
<doc>Verifies that the current page title equals ``title``.</doc>
<msg timestamp="20241118 20:53:48.568" level="INFO">Page title is 'Register'.</msg>
<status status="PASS" starttime="20241118 20:53:48.065" endtime="20241118 20:53:48.568"/>
</kw>
<status status="PASS" starttime="20241118 20:53:48.065" endtime="20241118 20:53:48.568"/>
</kw>
<status status="PASS" starttime="20241118 20:53:43.964" endtime="20241118 20:53:48.568"/>
</test>
<kw name="Close Browser" library="SeleniumLibrary" type="TEARDOWN">
<doc>Closes the current browser.</doc>
<status status="PASS" starttime="20241118 20:53:48.568" endtime="20241118 20:53:51.126"/>
</kw>
<status status="PASS" starttime="20241118 20:53:37.216" endtime="20241118 20:53:51.126"/>
</suite>
<suite id="s1-s2" name="Login" source="C:\Users\jonik\Documents\OHTU\palautusrepositorio\viikko3\web-login\src\tests\login.robot">
<kw name="Open And Configure Browser" library="resource" type="SETUP">
<if>
<branch type="IF" condition="$BROWSER == 'chrome'">
<kw name="Evaluate" library="BuiltIn">
<var>${options}</var>
<arg>sys.modules['selenium.webdriver'].ChromeOptions()</arg>
<arg>sys</arg>
<doc>Evaluates the given expression in Python and returns the result.</doc>
<msg timestamp="20241118 20:53:51.130" level="INFO">${options} = &lt;selenium.webdriver.chrome.options.Options object at 0x000001D1F6EBB290&gt;</msg>
<status status="PASS" starttime="20241118 20:53:51.130" endtime="20241118 20:53:51.130"/>
</kw>
<status status="PASS" starttime="20241118 20:53:51.129" endtime="20241118 20:53:51.130"/>
</branch>
<branch type="ELSE IF" condition="$BROWSER == 'firefox'">
<kw name="Evaluate" library="BuiltIn">
<var>${options}</var>
<arg>sys.modules['selenium.webdriver'].FirefoxOptions()</arg>
<arg>sys</arg>
<doc>Evaluates the given expression in Python and returns the result.</doc>
<status status="NOT RUN" starttime="20241118 20:53:51.130" endtime="20241118 20:53:51.130"/>
</kw>
<status status="NOT RUN" starttime="20241118 20:53:51.130" endtime="20241118 20:53:51.130"/>
</branch>
<status status="PASS" starttime="20241118 20:53:51.129" endtime="20241118 20:53:51.130"/>
</if>
<if>
<branch type="IF" condition="$HEADLESS == 'true'">
<kw name="Set Selenium Speed" library="SeleniumLibrary">
<arg>0</arg>
<doc>Sets the delay that is waited after each Selenium command.</doc>
<status status="NOT RUN" starttime="20241118 20:53:51.130" endtime="20241118 20:53:51.130"/>
</kw>
<kw name="Call Method" library="BuiltIn">
<arg>${options}</arg>
<arg>add_argument</arg>
<arg>--headless</arg>
<doc>Calls the named method of the given object with the provided arguments.</doc>
<status status="NOT RUN" starttime="20241118 20:53:51.130" endtime="20241118 20:53:51.130"/>
</kw>
<status status="NOT RUN" starttime="20241118 20:53:51.130" endtime="20241118 20:53:51.130"/>
</branch>
<branch type="ELSE">
<kw name="Set Selenium Speed" library="SeleniumLibrary">
<arg>${DELAY}</arg>
<doc>Sets the delay that is waited after each Selenium command.</doc>
<status status="PASS" starttime="20241118 20:53:51.130" endtime="20241118 20:53:51.130"/>
</kw>
<status status="PASS" starttime="20241118 20:53:51.130" endtime="20241118 20:53:51.130"/>
</branch>
<status status="PASS" starttime="20241118 20:53:51.130" endtime="20241118 20:53:51.130"/>
</if>
<kw name="Open Browser" library="SeleniumLibrary">
<arg>browser=${BROWSER}</arg>
<arg>options=${options}</arg>
<doc>Opens a new browser instance to the optional ``url``.</doc>
<msg timestamp="20241118 20:53:51.130" level="INFO">Opening browser 'chrome' to base url 'None'.</msg>
<status status="PASS" starttime="20241118 20:53:51.130" endtime="20241118 20:53:52.376"/>
</kw>
<status status="PASS" starttime="20241118 20:53:51.129" endtime="20241118 20:53:52.376"/>
</kw>
<test id="s1-s2-t1" name="Login With Correct Credentials" line="8">
<kw name="Reset Application Create User And Go To Login Page" type="SETUP">
<kw name="Reset Application" library="AppLibrary">
<status status="PASS" starttime="20241118 20:53:52.376" endtime="20241118 20:53:54.410"/>
</kw>
<kw name="Create User" library="AppLibrary">
<arg>kalle</arg>
<arg>kalle123</arg>
<status status="PASS" starttime="20241118 20:53:54.411" endtime="20241118 20:53:58.482"/>
</kw>
<kw name="Go To Login Page" library="resource">
<kw name="Go To" library="SeleniumLibrary">
<arg>${LOGIN_URL}</arg>
<doc>Navigates the current browser window to the provided ``url``.</doc>
<msg timestamp="20241118 20:53:58.482" level="INFO">Opening url 'http://localhost:5001/login'</msg>
<status status="PASS" starttime="20241118 20:53:58.482" endtime="20241118 20:53:59.314"/>
</kw>
<status status="PASS" starttime="20241118 20:53:58.482" endtime="20241118 20:53:59.314"/>
</kw>
<status status="PASS" starttime="20241118 20:53:52.376" endtime="20241118 20:53:59.314"/>
</kw>
<kw name="Set Username">
<arg>kalle</arg>
<kw name="Input Text" library="SeleniumLibrary">
<arg>username</arg>
<arg>${username}</arg>
<doc>Types the given ``text`` into the text field identified by ``locator``.</doc>
<msg timestamp="20241118 20:53:59.314" level="INFO">Typing text 'kalle' into text field 'username'.</msg>
<status status="PASS" starttime="20241118 20:53:59.314" endtime="20241118 20:54:00.867"/>
</kw>
<status status="PASS" starttime="20241118 20:53:59.314" endtime="20241118 20:54:00.867"/>
</kw>
<kw name="Set Password">
<arg>kalle123</arg>
<kw name="Input Password" library="SeleniumLibrary">
<arg>password</arg>
<arg>${password}</arg>
<doc>Types the given password into the text field identified by ``locator``.</doc>
<msg timestamp="20241118 20:54:00.867" level="INFO">Typing password into text field 'password'.</msg>
<msg timestamp="20241118 20:54:01.885" level="INFO">Temporally setting log level to: NONE</msg>
<msg timestamp="20241118 20:54:02.407" level="INFO">Log level changed from NONE to INFO.</msg>
<status status="PASS" starttime="20241118 20:54:00.867" endtime="20241118 20:54:02.407"/>
</kw>
<status status="PASS" starttime="20241118 20:54:00.867" endtime="20241118 20:54:02.407"/>
</kw>
<kw name="Submit Credentials">
<kw name="Click Button" library="SeleniumLibrary">
<arg>Login</arg>
<doc>Clicks the button identified by ``locator``.</doc>
<msg timestamp="20241118 20:54:02.408" level="INFO">Clicking button 'Login'.</msg>
<status status="PASS" starttime="20241118 20:54:02.408" endtime="20241118 20:54:04.774"/>
</kw>
<status status="PASS" starttime="20241118 20:54:02.407" endtime="20241118 20:54:04.774"/>
</kw>
<kw name="Login Should Succeed">
<kw name="Main Page Should Be Open" library="resource">
<kw name="Title Should Be" library="SeleniumLibrary">
<arg>Ohtu Application main page</arg>
<doc>Verifies that the current page title equals ``title``.</doc>
<msg timestamp="20241118 20:54:05.277" level="INFO">Page title is 'Ohtu Application main page'.</msg>
<status status="PASS" starttime="20241118 20:54:04.774" endtime="20241118 20:54:05.277"/>
</kw>
<status status="PASS" starttime="20241118 20:54:04.774" endtime="20241118 20:54:05.277"/>
</kw>
<status status="PASS" starttime="20241118 20:54:04.774" endtime="20241118 20:54:05.277"/>
</kw>
<status status="PASS" starttime="20241118 20:53:52.376" endtime="20241118 20:54:05.277"/>
</test>
<test id="s1-s2-t2" name="Login With Incorrect Password" line="14">
<kw name="Reset Application Create User And Go To Login Page" type="SETUP">
<kw name="Reset Application" library="AppLibrary">
<status status="PASS" starttime="20241118 20:54:05.277" endtime="20241118 20:54:07.332"/>
</kw>
<kw name="Create User" library="AppLibrary">
<arg>kalle</arg>
<arg>kalle123</arg>
<status status="PASS" starttime="20241118 20:54:07.332" endtime="20241118 20:54:11.422"/>
</kw>
<kw name="Go To Login Page" library="resource">
<kw name="Go To" library="SeleniumLibrary">
<arg>${LOGIN_URL}</arg>
<doc>Navigates the current browser window to the provided ``url``.</doc>
<msg timestamp="20241118 20:54:11.423" level="INFO">Opening url 'http://localhost:5001/login'</msg>
<status status="PASS" starttime="20241118 20:54:11.422" endtime="20241118 20:54:12.244"/>
</kw>
<status status="PASS" starttime="20241118 20:54:11.422" endtime="20241118 20:54:12.244"/>
</kw>
<status status="PASS" starttime="20241118 20:54:05.277" endtime="20241118 20:54:12.244"/>
</kw>
<kw name="Set Username">
<arg>kalle</arg>
<kw name="Input Text" library="SeleniumLibrary">
<arg>username</arg>
<arg>${username}</arg>
<doc>Types the given ``text`` into the text field identified by ``locator``.</doc>
<msg timestamp="20241118 20:54:12.245" level="INFO">Typing text 'kalle' into text field 'username'.</msg>
<status status="PASS" starttime="20241118 20:54:12.244" endtime="20241118 20:54:13.784"/>
</kw>
<status status="PASS" starttime="20241118 20:54:12.244" endtime="20241118 20:54:13.784"/>
</kw>
<kw name="Set Password">
<arg>kalle456</arg>
<kw name="Input Password" library="SeleniumLibrary">
<arg>password</arg>
<arg>${password}</arg>
<doc>Types the given password into the text field identified by ``locator``.</doc>
<msg timestamp="20241118 20:54:13.784" level="INFO">Typing password into text field 'password'.</msg>
<msg timestamp="20241118 20:54:14.803" level="INFO">Temporally setting log level to: NONE</msg>
<msg timestamp="20241118 20:54:15.326" level="INFO">Log level changed from NONE to INFO.</msg>
<status status="PASS" starttime="20241118 20:54:13.784" endtime="20241118 20:54:15.326"/>
</kw>
<status status="PASS" starttime="20241118 20:54:13.784" endtime="20241118 20:54:15.326"/>
</kw>
<kw name="Submit Credentials">
<kw name="Click Button" library="SeleniumLibrary">
<arg>Login</arg>
<doc>Clicks the button identified by ``locator``.</doc>
<msg timestamp="20241118 20:54:15.326" level="INFO">Clicking button 'Login'.</msg>
<status status="PASS" starttime="20241118 20:54:15.326" endtime="20241118 20:54:17.366"/>
</kw>
<status status="PASS" starttime="20241118 20:54:15.326" endtime="20241118 20:54:17.366"/>
</kw>
<kw name="Login Should Fail With Message">
<arg>Invalid username or password</arg>
<kw name="Login Page Should Be Open" library="resource">
<kw name="Title Should Be" library="SeleniumLibrary">
<arg>Login</arg>
<doc>Verifies that the current page title equals ``title``.</doc>
<msg timestamp="20241118 20:54:17.869" level="INFO">Page title is 'Login'.</msg>
<status status="PASS" starttime="20241118 20:54:17.366" endtime="20241118 20:54:17.869"/>
</kw>
<status status="PASS" starttime="20241118 20:54:17.366" endtime="20241118 20:54:17.869"/>
</kw>
<kw name="Page Should Contain" library="SeleniumLibrary">
<arg>${message}</arg>
<doc>Verifies that current page contains ``text``.</doc>
<msg timestamp="20241118 20:54:18.878" level="INFO">Current page contains text 'Invalid username or password'.</msg>
<status status="PASS" starttime="20241118 20:54:17.869" endtime="20241118 20:54:18.878"/>
</kw>
<status status="PASS" starttime="20241118 20:54:17.366" endtime="20241118 20:54:18.878"/>
</kw>
<status status="PASS" starttime="20241118 20:54:05.277" endtime="20241118 20:54:18.878"/>
</test>
<test id="s1-s2-t3" name="Login With Nonexistent Username" line="20">
<kw name="Reset Application Create User And Go To Login Page" type="SETUP">
<kw name="Reset Application" library="AppLibrary">
<status status="PASS" starttime="20241118 20:54:18.878" endtime="20241118 20:54:20.932"/>
</kw>
<kw name="Create User" library="AppLibrary">
<arg>kalle</arg>
<arg>kalle123</arg>
<status status="PASS" starttime="20241118 20:54:20.932" endtime="20241118 20:54:25.028"/>
</kw>
<kw name="Go To Login Page" library="resource">
<kw name="Go To" library="SeleniumLibrary">
<arg>${LOGIN_URL}</arg>
<doc>Navigates the current browser window to the provided ``url``.</doc>
<msg timestamp="20241118 20:54:25.029" level="INFO">Opening url 'http://localhost:5001/login'</msg>
<status status="PASS" starttime="20241118 20:54:25.028" endtime="20241118 20:54:25.845"/>
</kw>
<status status="PASS" starttime="20241118 20:54:25.028" endtime="20241118 20:54:25.845"/>
</kw>
<status status="PASS" starttime="20241118 20:54:18.878" endtime="20241118 20:54:25.845"/>
</kw>
<kw name="Set Username">
<arg>kalleer</arg>
<kw name="Input Text" library="SeleniumLibrary">
<arg>username</arg>
<arg>${username}</arg>
<doc>Types the given ``text`` into the text field identified by ``locator``.</doc>
<msg timestamp="20241118 20:54:25.846" level="INFO">Typing text 'kalleer' into text field 'username'.</msg>
<status status="PASS" starttime="20241118 20:54:25.845" endtime="20241118 20:54:27.385"/>
</kw>
<status status="PASS" starttime="20241118 20:54:25.845" endtime="20241118 20:54:27.385"/>
</kw>
<kw name="Set Password">
<arg>kalle456</arg>
<kw name="Input Password" library="SeleniumLibrary">
<arg>password</arg>
<arg>${password}</arg>
<doc>Types the given password into the text field identified by ``locator``.</doc>
<msg timestamp="20241118 20:54:27.386" level="INFO">Typing password into text field 'password'.</msg>
<msg timestamp="20241118 20:54:28.402" level="INFO">Temporally setting log level to: NONE</msg>
<msg timestamp="20241118 20:54:28.925" level="INFO">Log level changed from NONE to INFO.</msg>
<status status="PASS" starttime="20241118 20:54:27.385" endtime="20241118 20:54:28.925"/>
</kw>
<status status="PASS" starttime="20241118 20:54:27.385" endtime="20241118 20:54:28.925"/>
</kw>
<kw name="Submit Credentials">
<kw name="Click Button" library="SeleniumLibrary">
<arg>Login</arg>
<doc>Clicks the button identified by ``locator``.</doc>
<msg timestamp="20241118 20:54:28.925" level="INFO">Clicking button 'Login'.</msg>
<status status="PASS" starttime="20241118 20:54:28.925" endtime="20241118 20:54:30.965"/>
</kw>
<status status="PASS" starttime="20241118 20:54:28.925" endtime="20241118 20:54:30.965"/>
</kw>
<kw name="Login Should Fail With Message">
<arg>Invalid username or password</arg>
<kw name="Login Page Should Be Open" library="resource">
<kw name="Title Should Be" library="SeleniumLibrary">
<arg>Login</arg>
<doc>Verifies that the current page title equals ``title``.</doc>
<msg timestamp="20241118 20:54:31.468" level="INFO">Page title is 'Login'.</msg>
<status status="PASS" starttime="20241118 20:54:30.965" endtime="20241118 20:54:31.468"/>
</kw>
<status status="PASS" starttime="20241118 20:54:30.965" endtime="20241118 20:54:31.468"/>
</kw>
<kw name="Page Should Contain" library="SeleniumLibrary">
<arg>${message}</arg>
<doc>Verifies that current page contains ``text``.</doc>
<msg timestamp="20241118 20:54:32.474" level="INFO">Current page contains text 'Invalid username or password'.</msg>
<status status="PASS" starttime="20241118 20:54:31.468" endtime="20241118 20:54:32.474"/>
</kw>
<status status="PASS" starttime="20241118 20:54:30.965" endtime="20241118 20:54:32.474"/>
</kw>
<status status="PASS" starttime="20241118 20:54:18.878" endtime="20241118 20:54:32.474"/>
</test>
<kw name="Close Browser" library="SeleniumLibrary" type="TEARDOWN">
<doc>Closes the current browser.</doc>
<status status="PASS" starttime="20241118 20:54:32.474" endtime="20241118 20:54:35.017"/>
</kw>
<status status="PASS" starttime="20241118 20:53:51.126" endtime="20241118 20:54:35.017"/>
</suite>
<status status="PASS" starttime="20241118 20:53:37.200" endtime="20241118 20:54:35.018"/>
</suite>
<statistics>
<total>
<stat pass="5" fail="0" skip="0">All Tests</stat>
</total>
<tag>
</tag>
<suite>
<stat pass="5" fail="0" skip="0" id="s1" name="Tests">Tests</stat>
<stat pass="2" fail="0" skip="0" id="s1-s1" name="Home">Tests.Home</stat>
<stat pass="3" fail="0" skip="0" id="s1-s2" name="Login">Tests.Login</stat>
</suite>
</statistics>
<errors>
</errors>
</robot>
