<?xml version="1.0" encoding="UTF-8"?>
<robot generator="Robot 6.1.1 (Python 3.12.7 on win32)" generated="20241118 21:52:46.890" rpa="false" schemaversion="4">
<suite id="s1" name="Register" source="C:\Users\jonik\Documents\OHTU\palautusrepositorio\viikko3\web-login\src\tests\register.robot">
<kw name="Open And Configure Browser" library="resource" type="SETUP">
<if>
<branch type="IF" condition="$BROWSER == 'chrome'">
<kw name="Evaluate" library="BuiltIn">
<var>${options}</var>
<arg>sys.modules['selenium.webdriver'].ChromeOptions()</arg>
<arg>sys</arg>
<doc>Evaluates the given expression in Python and returns the result.</doc>
<msg timestamp="20241118 21:52:47.277" level="INFO">${options} = &lt;selenium.webdriver.chrome.options.Options object at 0x0000019D2A0850A0&gt;</msg>
<status status="PASS" starttime="20241118 21:52:47.277" endtime="20241118 21:52:47.277"/>
</kw>
<status status="PASS" starttime="20241118 21:52:47.277" endtime="20241118 21:52:47.277"/>
</branch>
<branch type="ELSE IF" condition="$BROWSER == 'firefox'">
<kw name="Evaluate" library="BuiltIn">
<var>${options}</var>
<arg>sys.modules['selenium.webdriver'].FirefoxOptions()</arg>
<arg>sys</arg>
<doc>Evaluates the given expression in Python and returns the result.</doc>
<status status="NOT RUN" starttime="20241118 21:52:47.277" endtime="20241118 21:52:47.277"/>
</kw>
<status status="NOT RUN" starttime="20241118 21:52:47.277" endtime="20241118 21:52:47.277"/>
</branch>
<status status="PASS" starttime="20241118 21:52:47.277" endtime="20241118 21:52:47.277"/>
</if>
<if>
<branch type="IF" condition="$HEADLESS == 'true'">
<kw name="Set Selenium Speed" library="SeleniumLibrary">
<arg>0</arg>
<doc>Sets the delay that is waited after each Selenium command.</doc>
<status status="NOT RUN" starttime="20241118 21:52:47.277" endtime="20241118 21:52:47.277"/>
</kw>
<kw name="Call Method" library="BuiltIn">
<arg>${options}</arg>
<arg>add_argument</arg>
<arg>--headless</arg>
<doc>Calls the named method of the given object with the provided arguments.</doc>
<status status="NOT RUN" starttime="20241118 21:52:47.277" endtime="20241118 21:52:47.277"/>
</kw>
<status status="NOT RUN" starttime="20241118 21:52:47.277" endtime="20241118 21:52:47.277"/>
</branch>
<branch type="ELSE">
<kw name="Set Selenium Speed" library="SeleniumLibrary">
<arg>${DELAY}</arg>
<doc>Sets the delay that is waited after each Selenium command.</doc>
<status status="PASS" starttime="20241118 21:52:47.278" endtime="20241118 21:52:47.278"/>
</kw>
<status status="PASS" starttime="20241118 21:52:47.277" endtime="20241118 21:52:47.278"/>
</branch>
<status status="PASS" starttime="20241118 21:52:47.277" endtime="20241118 21:52:47.278"/>
</if>
<kw name="Open Browser" library="SeleniumLibrary">
<arg>browser=${BROWSER}</arg>
<arg>options=${options}</arg>
<doc>Opens a new browser instance to the optional ``url``.</doc>
<msg timestamp="20241118 21:52:47.278" level="INFO">Opening browser 'chrome' to base url 'None'.</msg>
<status status="PASS" starttime="20241118 21:52:47.278" endtime="20241118 21:52:48.518"/>
</kw>
<status status="PASS" starttime="20241118 21:52:47.277" endtime="20241118 21:52:48.518"/>
</kw>
<test id="s1-t1" name="Register With Valid Username And Invalid Password" line="30">
<kw name="Reset Application Create User And Go To Register Page" type="SETUP">
<kw name="Reset Application" library="AppLibrary">
<status status="PASS" starttime="20241118 21:52:48.519" endtime="20241118 21:52:50.554"/>
</kw>
<kw name="Create User" library="AppLibrary">
<arg>kalle</arg>
<arg>kalle123</arg>
<status status="PASS" starttime="20241118 21:52:50.554" endtime="20241118 21:52:54.614"/>
</kw>
<kw name="Go To Register Page" library="resource">
<kw name="Go To" library="SeleniumLibrary">
<arg>${REGISTER_URL}</arg>
<doc>Navigates the current browser window to the provided ``url``.</doc>
<msg timestamp="20241118 21:52:54.615" level="INFO">Opening url 'http://localhost:5001/register'</msg>
<status status="PASS" starttime="20241118 21:52:54.614" endtime="20241118 21:52:55.443"/>
</kw>
<status status="PASS" starttime="20241118 21:52:54.614" endtime="20241118 21:52:55.443"/>
</kw>
<status status="PASS" starttime="20241118 21:52:48.518" endtime="20241118 21:52:55.443"/>
</kw>
<kw name="Set Username">
<arg>jon</arg>
<kw name="Input Text" library="SeleniumLibrary">
<arg>username</arg>
<arg>${username}</arg>
<doc>Types the given ``text`` into the text field identified by ``locator``.</doc>
<msg timestamp="20241118 21:52:55.443" level="INFO">Typing text 'jon' into text field 'username'.</msg>
<status status="PASS" starttime="20241118 21:52:55.443" endtime="20241118 21:52:56.997"/>
</kw>
<status status="PASS" starttime="20241118 21:52:55.443" endtime="20241118 21:52:56.997"/>
</kw>
<kw name="Set Password">
<arg>abcdabcd</arg>
<kw name="Input Password" library="SeleniumLibrary">
<arg>password</arg>
<arg>${password}</arg>
<doc>Types the given password into the text field identified by ``locator``.</doc>
<msg timestamp="20241118 21:52:56.997" level="INFO">Typing password into text field 'password'.</msg>
<msg timestamp="20241118 21:52:58.016" level="INFO">Temporally setting log level to: NONE</msg>
<msg timestamp="20241118 21:52:58.538" level="INFO">Log level changed from NONE to INFO.</msg>
<status status="PASS" starttime="20241118 21:52:56.997" endtime="20241118 21:52:58.538"/>
</kw>
<status status="PASS" starttime="20241118 21:52:56.997" endtime="20241118 21:52:58.538"/>
</kw>
<kw name="Set Password Confirmation">
<arg>abcdabcd</arg>
<kw name="Input Password" library="SeleniumLibrary">
<arg>password_confirmation</arg>
<arg>${password}</arg>
<doc>Types the given password into the text field identified by ``locator``.</doc>
<msg timestamp="20241118 21:52:58.538" level="INFO">Typing password into text field 'password_confirmation'.</msg>
<msg timestamp="20241118 21:52:59.557" level="INFO">Temporally setting log level to: NONE</msg>
<msg timestamp="20241118 21:53:00.079" level="INFO">Log level changed from NONE to INFO.</msg>
<status status="PASS" starttime="20241118 21:52:58.538" endtime="20241118 21:53:00.079"/>
</kw>
<status status="PASS" starttime="20241118 21:52:58.538" endtime="20241118 21:53:00.079"/>
</kw>
<kw name="Submit Credentials">
<kw name="Click Button" library="SeleniumLibrary">
<arg>Register</arg>
<doc>Clicks the button identified by ``locator``.</doc>
<msg timestamp="20241118 21:53:00.079" level="INFO">Clicking button 'Register'.</msg>
<status status="PASS" starttime="20241118 21:53:00.079" endtime="20241118 21:53:02.438"/>
</kw>
<status status="PASS" starttime="20241118 21:53:00.079" endtime="20241118 21:53:02.438"/>
</kw>
<kw name="Register Should Fail">
<kw name="Register Page Should Be Open" library="resource">
<kw name="Title Should Be" library="SeleniumLibrary">
<arg>Register</arg>
<doc>Verifies that the current page title equals ``title``.</doc>
<msg timestamp="20241118 21:53:02.942" level="INFO">Page title is 'Register'.</msg>
<status status="PASS" starttime="20241118 21:53:02.438" endtime="20241118 21:53:02.942"/>
</kw>
<status status="PASS" starttime="20241118 21:53:02.438" endtime="20241118 21:53:02.942"/>
</kw>
<status status="PASS" starttime="20241118 21:53:02.438" endtime="20241118 21:53:02.942"/>
</kw>
<status status="PASS" starttime="20241118 21:52:48.518" endtime="20241118 21:53:02.942"/>
</test>
<kw name="Close Browser" library="SeleniumLibrary" type="TEARDOWN">
<doc>Closes the current browser.</doc>
<status status="PASS" starttime="20241118 21:53:02.942" endtime="20241118 21:53:05.479"/>
</kw>
<status status="PASS" starttime="20241118 21:52:46.891" endtime="20241118 21:53:05.479"/>
</suite>
<statistics>
<total>
<stat pass="1" fail="0" skip="0">All Tests</stat>
</total>
<tag>
</tag>
<suite>
<stat pass="1" fail="0" skip="0" id="s1" name="Register">Register</stat>
</suite>
</statistics>
<errors>
</errors>
</robot>
